  [1m[35m (3.9ms)[0m  [1m[34mSELECT sqlite_version(*)[0m
  [1m[35m (51.8ms)[0m  [1m[35mCREATE TABLE "schema_migrations" ("version" varchar NOT NULL PRIMARY KEY)[0m
  [1m[35m (3.0ms)[0m  [1m[35mCREATE TABLE "ar_internal_metadata" ("key" varchar NOT NULL PRIMARY KEY, "value" varchar, "created_at" datetime(6) NOT NULL, "updated_at" datetime(6) NOT NULL)[0m
  [1m[35m (0.3ms)[0m  [1m[34mSELECT "schema_migrations"."version" FROM "schema_migrations" ORDER BY "schema_migrations"."version" ASC[0m
Migrating to CreateGardeners (20200817230157)
  [1m[35m (0.1ms)[0m  [1m[36mbegin transaction[0m
  [1m[35m (0.9ms)[0m  [1m[35mCREATE TABLE "gardeners" ("id" integer PRIMARY KEY AUTOINCREMENT NOT NULL, "username" varchar, "password_digest" varchar, "first_name" varchar, "last_name" varchar, "email" varchar, "created_at" datetime(6) NOT NULL, "updated_at" datetime(6) NOT NULL)[0m
  [1m[36mprimary::SchemaMigration Create (0.6ms)[0m  [1m[32mINSERT INTO "schema_migrations" ("version") VALUES (?)[0m  [["version", "20200817230157"]]
  [1m[35m (2.4ms)[0m  [1m[36mcommit transaction[0m
Migrating to CreateGardens (20200817231759)
  [1m[35m (0.1ms)[0m  [1m[36mbegin transaction[0m
  [1m[35m (0.7ms)[0m  [1m[35mCREATE TABLE "gardens" ("id" integer PRIMARY KEY AUTOINCREMENT NOT NULL, "name" varchar, "type" varchar, "gardener_id" integer NOT NULL, "created_at" datetime(6) NOT NULL, "updated_at" datetime(6) NOT NULL, CONSTRAINT "fk_rails_0b4d935443"
FOREIGN KEY ("gardener_id")
  REFERENCES "gardeners" ("id")
)[0m
  [1m[35m (0.3ms)[0m  [1m[35mCREATE  INDEX "index_gardens_on_gardener_id" ON "gardens" ("gardener_id")[0m
  [1m[36mprimary::SchemaMigration Create (0.3ms)[0m  [1m[32mINSERT INTO "schema_migrations" ("version") VALUES (?)[0m  [["version", "20200817231759"]]
  [1m[35m (2.0ms)[0m  [1m[36mcommit transaction[0m
Migrating to CreatePlants (20200817232234)
  [1m[35m (0.1ms)[0m  [1m[36mbegin transaction[0m
  [1m[35m (1.2ms)[0m  [1m[35mCREATE TABLE "plants" ("id" integer PRIMARY KEY AUTOINCREMENT NOT NULL, "name" varchar, "amount_of_sun" varchar, "water_frequency" varchar, "category" varchar, "garden_id" integer NOT NULL, "created_at" datetime(6) NOT NULL, "updated_at" datetime(6) NOT NULL, CONSTRAINT "fk_rails_2c5194e718"
FOREIGN KEY ("garden_id")
  REFERENCES "gardens" ("id")
)[0m
  [1m[35m (0.7ms)[0m  [1m[35mCREATE  INDEX "index_plants_on_garden_id" ON "plants" ("garden_id")[0m
  [1m[36mprimary::SchemaMigration Create (0.3ms)[0m  [1m[32mINSERT INTO "schema_migrations" ("version") VALUES (?)[0m  [["version", "20200817232234"]]
  [1m[35m (7.3ms)[0m  [1m[36mcommit transaction[0m
Migrating to CreateNotes (20200817232631)
  [1m[35m (0.1ms)[0m  [1m[36mbegin transaction[0m
  [1m[35m (9.7ms)[0m  [1m[35mCREATE TABLE "notes" ("id" integer PRIMARY KEY AUTOINCREMENT NOT NULL, "body" text, "gardener_id" integer NOT NULL, "plant_id" integer NOT NULL, "created_at" datetime(6) NOT NULL, "updated_at" datetime(6) NOT NULL, CONSTRAINT "fk_rails_79c0a2533f"
FOREIGN KEY ("gardener_id")
  REFERENCES "gardeners" ("id")
, CONSTRAINT "fk_rails_77598ed444"
FOREIGN KEY ("plant_id")
  REFERENCES "plants" ("id")
)[0m
  [1m[35m (0.2ms)[0m  [1m[35mCREATE  INDEX "index_notes_on_gardener_id" ON "notes" ("gardener_id")[0m
  [1m[35m (0.2ms)[0m  [1m[35mCREATE  INDEX "index_notes_on_plant_id" ON "notes" ("plant_id")[0m
  [1m[36mprimary::SchemaMigration Create (0.3ms)[0m  [1m[32mINSERT INTO "schema_migrations" ("version") VALUES (?)[0m  [["version", "20200817232631"]]
  [1m[35m (6.5ms)[0m  [1m[36mcommit transaction[0m
  [1m[36mActiveRecord::InternalMetadata Load (0.7ms)[0m  [1m[34mSELECT "ar_internal_metadata".* FROM "ar_internal_metadata" WHERE "ar_internal_metadata"."key" = ? LIMIT ?[0m  [["key", "environment"], ["LIMIT", 1]]
  [1m[35m (0.1ms)[0m  [1m[36mbegin transaction[0m
  [1m[36mActiveRecord::InternalMetadata Create (0.9ms)[0m  [1m[32mINSERT INTO "ar_internal_metadata" ("key", "value", "created_at", "updated_at") VALUES (?, ?, ?, ?)[0m  [["key", "environment"], ["value", "development"], ["created_at", "2020-08-18 02:54:15.741016"], ["updated_at", "2020-08-18 02:54:15.741016"]]
  [1m[35m (5.6ms)[0m  [1m[36mcommit transaction[0m
  [1m[35m (0.1ms)[0m  [1m[34mSELECT sqlite_version(*)[0m
  [1m[35m (0.4ms)[0m  [1m[34mSELECT "schema_migrations"."version" FROM "schema_migrations" ORDER BY "schema_migrations"."version" ASC[0m
Started GET "/" for ::1 at 2020-08-17 20:00:48 -0700
  [1m[35m (8.8ms)[0m  [1m[34mSELECT sqlite_version(*)[0m
  [1m[35m (0.3ms)[0m  [1m[34mSELECT "schema_migrations"."version" FROM "schema_migrations" ORDER BY "schema_migrations"."version" ASC[0m
Processing by SessionsController#welcome as HTML
  Rendering sessions/welcome.html.erb within layouts/application
  Rendered sessions/welcome.html.erb within layouts/application (Duration: 4.4ms | Allocations: 365)
[Webpacker] Compiling...
[Webpacker] Compiled all packs in /Users/katellison/Development/rails_project/garden-builder/public/packs
[Webpacker] Hash: 15d1bb7b54cf6326b9ba
Version: webpack 4.44.1
Time: 3325ms
Built at: 08/17/2020 8:00:54 PM
                                     Asset       Size       Chunks                         Chunk Names
    js/application-9afcbb5693aa87623e69.js    124 KiB  application  [emitted] [immutable]  application
js/application-9afcbb5693aa87623e69.js.map    139 KiB  application  [emitted] [dev]        application
                             manifest.json  364 bytes               [emitted]              
Entrypoint application = js/application-9afcbb5693aa87623e69.js js/application-9afcbb5693aa87623e69.js.map
[./app/javascript/channels sync recursive _channel\.js$] ./app/javascript/channels sync _channel\.js$ 160 bytes {application} [built]
[./app/javascript/channels/index.js] 211 bytes {application} [built]
[./app/javascript/packs/application.js] 749 bytes {application} [built]
[./node_modules/webpack/buildin/module.js] (webpack)/buildin/module.js 552 bytes {application} [built]
    + 3 hidden modules

Completed 200 OK in 6892ms (Views: 6865.6ms | ActiveRecord: 0.0ms | Allocations: 30717)


DEPRECATION WARNING: Using `bin/rake routes` is deprecated and will be removed in Rails 6.1. Use `bin/rails routes` instead.
 (called from load at /Users/katellison/.rvm/gems/ruby-2.6.1/bin/rake:23)
DEPRECATION WARNING: Using `bin/rake routes` is deprecated and will be removed in Rails 6.1. Use `bin/rails routes` instead.
 (called from load at /Users/katellison/.rvm/gems/ruby-2.6.1/bin/rake:23)
Started GET "/" for ::1 at 2020-08-17 20:14:38 -0700
  [1m[35m (0.1ms)[0m  [1m[34mSELECT sqlite_version(*)[0m
Processing by SessionsController#welcome as HTML
  Rendering sessions/welcome.html.erb within layouts/application
  Rendered sessions/welcome.html.erb within layouts/application (Duration: 0.7ms | Allocations: 207)
[Webpacker] Everything's up-to-date. Nothing to do
Completed 200 OK in 14ms (Views: 10.7ms | ActiveRecord: 0.0ms | Allocations: 5103)


Started GET "/" for ::1 at 2020-08-17 20:17:00 -0700
  [1m[35m (0.1ms)[0m  [1m[34mSELECT sqlite_version(*)[0m
Processing by SessionsController#welcome as HTML
  Rendering sessions/welcome.html.erb within layouts/application
  Rendered sessions/welcome.html.erb within layouts/application (Duration: 0.6ms | Allocations: 197)
[Webpacker] Everything's up-to-date. Nothing to do
Completed 200 OK in 12ms (Views: 11.2ms | ActiveRecord: 0.0ms | Allocations: 5099)


Started GET "/signup" for ::1 at 2020-08-17 20:17:01 -0700
Processing by GardenersController#new as HTML
  Rendering gardeners/new.html.erb within layouts/application
  Rendered gardeners/new.html.erb within layouts/application (Duration: 0.5ms | Allocations: 82)
[Webpacker] Everything's up-to-date. Nothing to do
Completed 200 OK in 17ms (Views: 15.6ms | ActiveRecord: 0.0ms | Allocations: 4679)


Started GET "/signup" for ::1 at 2020-08-17 20:22:44 -0700
Processing by GardenersController#new as HTML
  Rendering gardeners/new.html.erb within layouts/application
  Rendered gardeners/new.html.erb within layouts/application (Duration: 14.1ms | Allocations: 3914)
Completed 500 Internal Server Error in 17ms (ActiveRecord: 0.0ms | Allocations: 5076)


  
ActionView::Template::Error (First argument in form cannot contain nil or be empty):
    1: <h1>sign up</h1>
    2: 
    3: <%= form_for(@gardener) do |f| %>
    4:   <%= f.label :username %>
    5:   <%= f.text_field :username %>
    6: 
  
app/views/gardeners/new.html.erb:3
Started GET "/signup" for ::1 at 2020-08-17 20:24:18 -0700
  [1m[35m (0.1ms)[0m  [1m[34mSELECT sqlite_version(*)[0m
Processing by GardenersController#new as HTML
  Rendering gardeners/new.html.erb within layouts/application
  Rendered gardeners/new.html.erb within layouts/application (Duration: 46.9ms | Allocations: 5562)
[Webpacker] Everything's up-to-date. Nothing to do
Completed 200 OK in 103ms (Views: 69.1ms | ActiveRecord: 0.6ms | Allocations: 18306)


Started GET "/signup" for ::1 at 2020-08-17 20:24:45 -0700
Processing by GardenersController#new as HTML
  Rendering gardeners/new.html.erb within layouts/application
  Rendered gardeners/new.html.erb within layouts/application (Duration: 2.8ms | Allocations: 1482)
[Webpacker] Everything's up-to-date. Nothing to do
Completed 200 OK in 13ms (Views: 11.6ms | ActiveRecord: 0.0ms | Allocations: 6446)


Started GET "/signup" for ::1 at 2020-08-17 20:24:56 -0700
Processing by GardenersController#new as HTML
  Rendering gardeners/new.html.erb within layouts/application
  Rendered gardeners/new.html.erb within layouts/application (Duration: 2.8ms | Allocations: 1484)
[Webpacker] Everything's up-to-date. Nothing to do
Completed 200 OK in 15ms (Views: 13.8ms | ActiveRecord: 0.0ms | Allocations: 6437)


Started POST "/gardeners" for ::1 at 2020-08-17 20:26:49 -0700
  
AbstractController::ActionNotFound (The action 'create' could not be found for GardenersController):
  
actionpack (6.0.3.2) lib/abstract_controller/base.rb:131:in `process'
actionview (6.0.3.2) lib/action_view/rendering.rb:39:in `process'
actionpack (6.0.3.2) lib/action_controller/metal.rb:190:in `dispatch'
actionpack (6.0.3.2) lib/action_controller/metal.rb:254:in `dispatch'
actionpack (6.0.3.2) lib/action_dispatch/routing/route_set.rb:50:in `dispatch'
actionpack (6.0.3.2) lib/action_dispatch/routing/route_set.rb:33:in `serve'
actionpack (6.0.3.2) lib/action_dispatch/journey/router.rb:49:in `block in serve'
actionpack (6.0.3.2) lib/action_dispatch/journey/router.rb:32:in `each'
actionpack (6.0.3.2) lib/action_dispatch/journey/router.rb:32:in `serve'
actionpack (6.0.3.2) lib/action_dispatch/routing/route_set.rb:834:in `call'
rack (2.2.3) lib/rack/tempfile_reaper.rb:15:in `call'
rack (2.2.3) lib/rack/etag.rb:27:in `call'
rack (2.2.3) lib/rack/conditional_get.rb:40:in `call'
rack (2.2.3) lib/rack/head.rb:12:in `call'
actionpack (6.0.3.2) lib/action_dispatch/http/content_security_policy.rb:18:in `call'
rack (2.2.3) lib/rack/session/abstract/id.rb:266:in `context'
rack (2.2.3) lib/rack/session/abstract/id.rb:260:in `call'
actionpack (6.0.3.2) lib/action_dispatch/middleware/cookies.rb:648:in `call'
activerecord (6.0.3.2) lib/active_record/migration.rb:567:in `call'
actionpack (6.0.3.2) lib/action_dispatch/middleware/callbacks.rb:27:in `block in call'
activesupport (6.0.3.2) lib/active_support/callbacks.rb:101:in `run_callbacks'
actionpack (6.0.3.2) lib/action_dispatch/middleware/callbacks.rb:26:in `call'
actionpack (6.0.3.2) lib/action_dispatch/middleware/executor.rb:14:in `call'
actionpack (6.0.3.2) lib/action_dispatch/middleware/actionable_exceptions.rb:17:in `call'
actionpack (6.0.3.2) lib/action_dispatch/middleware/debug_exceptions.rb:32:in `call'
web-console (4.0.4) lib/web_console/middleware.rb:132:in `call_app'
web-console (4.0.4) lib/web_console/middleware.rb:28:in `block in call'
web-console (4.0.4) lib/web_console/middleware.rb:17:in `catch'
web-console (4.0.4) lib/web_console/middleware.rb:17:in `call'
actionpack (6.0.3.2) lib/action_dispatch/middleware/show_exceptions.rb:33:in `call'
railties (6.0.3.2) lib/rails/rack/logger.rb:37:in `call_app'
railties (6.0.3.2) lib/rails/rack/logger.rb:26:in `block in call'
activesupport (6.0.3.2) lib/active_support/tagged_logging.rb:80:in `block in tagged'
activesupport (6.0.3.2) lib/active_support/tagged_logging.rb:28:in `tagged'
activesupport (6.0.3.2) lib/active_support/tagged_logging.rb:80:in `tagged'
railties (6.0.3.2) lib/rails/rack/logger.rb:26:in `call'
sprockets-rails (3.2.1) lib/sprockets/rails/quiet_assets.rb:13:in `call'
actionpack (6.0.3.2) lib/action_dispatch/middleware/remote_ip.rb:81:in `call'
actionpack (6.0.3.2) lib/action_dispatch/middleware/request_id.rb:27:in `call'
rack (2.2.3) lib/rack/method_override.rb:24:in `call'
rack (2.2.3) lib/rack/runtime.rb:22:in `call'
activesupport (6.0.3.2) lib/active_support/cache/strategy/local_cache_middleware.rb:29:in `call'
actionpack (6.0.3.2) lib/action_dispatch/middleware/executor.rb:14:in `call'
actionpack (6.0.3.2) lib/action_dispatch/middleware/static.rb:126:in `call'
rack (2.2.3) lib/rack/sendfile.rb:110:in `call'
actionpack (6.0.3.2) lib/action_dispatch/middleware/host_authorization.rb:82:in `call'
webpacker (4.3.0) lib/webpacker/dev_server_proxy.rb:23:in `perform_request'
rack-proxy (0.6.5) lib/rack/proxy.rb:57:in `call'
railties (6.0.3.2) lib/rails/engine.rb:527:in `call'
puma (4.3.5) lib/puma/configuration.rb:228:in `call'
puma (4.3.5) lib/puma/server.rb:713:in `handle_request'
puma (4.3.5) lib/puma/server.rb:472:in `process_client'
puma (4.3.5) lib/puma/server.rb:328:in `block in run'
puma (4.3.5) lib/puma/thread_pool.rb:134:in `block in spawn_thread'
Started POST "/gardeners" for ::1 at 2020-08-17 20:32:48 -0700
  [1m[35m (0.1ms)[0m  [1m[34mSELECT sqlite_version(*)[0m
Processing by GardenersController#create as HTML
  Parameters: {"authenticity_token"=>"U7wS/lLevc3ZxZE9mYdhxwXQ6LJhonIGrxTyuO7glSKsCfeMTz9IFr6UbfZdRcMx0AsXAlY50QcaqiHwpVnXbQ==", "gardener"=>{"username"=>"kate", "password"=>"[FILTERED]", "email"=>"kate@g.com", "first_name"=>"kate", "last_name"=>"summ"}, "commit"=>"Sign Up"}
[31mUnpermitted parameter: :email[0m
Completed 500 Internal Server Error in 16ms (ActiveRecord: 0.0ms | Allocations: 7618)


  
ActiveModel::UnknownAttributeError (unknown attribute 'password' for Gardener.):
  
app/controllers/gardeners_controller.rb:8:in `create'
Started POST "/gardeners" for ::1 at 2020-08-17 20:34:18 -0700
  [1m[35m (0.1ms)[0m  [1m[34mSELECT sqlite_version(*)[0m
Processing by GardenersController#create as HTML
  Parameters: {"authenticity_token"=>"U7wS/lLevc3ZxZE9mYdhxwXQ6LJhonIGrxTyuO7glSKsCfeMTz9IFr6UbfZdRcMx0AsXAlY50QcaqiHwpVnXbQ==", "gardener"=>{"username"=>"kate", "password"=>"[FILTERED]", "email"=>"kate@g.com", "first_name"=>"kate", "last_name"=>"summ"}, "commit"=>"Sign Up"}
Completed 500 Internal Server Error in 13ms (ActiveRecord: 0.0ms | Allocations: 2705)


  
LoadError (cannot load such file -- bcrypt):
  
app/models/gardener.rb:6:in `<class:Gardener>'
app/models/gardener.rb:1:in `<main>'
app/controllers/gardeners_controller.rb:8:in `create'
Started POST "/gardeners" for ::1 at 2020-08-17 20:34:49 -0700
  [1m[35m (0.5ms)[0m  [1m[34mSELECT sqlite_version(*)[0m
  [1m[35m (0.3ms)[0m  [1m[34mSELECT "schema_migrations"."version" FROM "schema_migrations" ORDER BY "schema_migrations"."version" ASC[0m
Processing by GardenersController#create as HTML
  Parameters: {"authenticity_token"=>"U7wS/lLevc3ZxZE9mYdhxwXQ6LJhonIGrxTyuO7glSKsCfeMTz9IFr6UbfZdRcMx0AsXAlY50QcaqiHwpVnXbQ==", "gardener"=>{"username"=>"kate", "password"=>"[FILTERED]", "email"=>"kate@g.com", "first_name"=>"kate", "last_name"=>"summ"}, "commit"=>"Sign Up"}
[31mUnpermitted parameter: :email[0m
  [1m[35m (0.1ms)[0m  [1m[36mbegin transaction[0m
  ↳ app/controllers/gardeners_controller.rb:9:in `create'
  [1m[36mGardener Create (0.7ms)[0m  [1m[32mINSERT INTO "gardeners" ("username", "password_digest", "first_name", "last_name", "created_at", "updated_at") VALUES (?, ?, ?, ?, ?, ?)[0m  [["username", "kate"], ["password_digest", "$2a$12$phJFVgyIcl5INiWVCc/zB.erp/ITD62vsI/Qgv0ynf/itjFQyUPEe"], ["first_name", "kate"], ["last_name", "summ"], ["created_at", "2020-08-18 03:34:49.856401"], ["updated_at", "2020-08-18 03:34:49.856401"]]
  ↳ app/controllers/gardeners_controller.rb:9:in `create'
  [1m[35m (2.0ms)[0m  [1m[36mcommit transaction[0m
  ↳ app/controllers/gardeners_controller.rb:9:in `create'
Redirected to http://localhost:3000/gardeners/1
Completed 302 Found in 324ms (ActiveRecord: 3.5ms | Allocations: 11348)


Started GET "/gardeners/1" for ::1 at 2020-08-17 20:34:49 -0700
Processing by GardenersController#show as HTML
  Parameters: {"id"=>"1"}
  Rendering gardeners/show.html.erb within layouts/application
  Rendered gardeners/show.html.erb within layouts/application (Duration: 2.8ms | Allocations: 1829)
Completed 500 Internal Server Error in 9ms (ActiveRecord: 0.0ms | Allocations: 3711)


  
ActionView::Template::Error (undefined method `username' for nil:NilClass):
    1: welcome <%= @gardener.username%> you've signed in
  
app/views/gardeners/show.html.erb:1
Started POST "/gardeners" for ::1 at 2020-08-17 20:39:25 -0700
  [1m[35m (0.1ms)[0m  [1m[34mSELECT sqlite_version(*)[0m
Processing by GardenersController#create as HTML
  Parameters: {"authenticity_token"=>"U7wS/lLevc3ZxZE9mYdhxwXQ6LJhonIGrxTyuO7glSKsCfeMTz9IFr6UbfZdRcMx0AsXAlY50QcaqiHwpVnXbQ==", "gardener"=>{"username"=>"kate", "password"=>"[FILTERED]", "email"=>"kate@g.com", "first_name"=>"kate", "last_name"=>"summ"}, "commit"=>"Sign Up"}
[31mUnpermitted parameter: :email[0m
  [1m[35m (0.1ms)[0m  [1m[36mbegin transaction[0m
  ↳ app/controllers/gardeners_controller.rb:9:in `create'
  [1m[36mGardener Exists? (0.3ms)[0m  [1m[34mSELECT 1 AS one FROM "gardeners" WHERE "gardeners"."username" = ? LIMIT ?[0m  [["username", "kate"], ["LIMIT", 1]]
  ↳ app/controllers/gardeners_controller.rb:9:in `create'
  [1m[35m (0.1ms)[0m  [1m[31mrollback transaction[0m
  ↳ app/controllers/gardeners_controller.rb:9:in `create'
  Rendering gardeners/new.html.erb within layouts/application
  Rendered gardeners/new.html.erb within layouts/application (Duration: 4.6ms | Allocations: 2226)
[Webpacker] Everything's up-to-date. Nothing to do
Completed 200 OK in 428ms (Views: 25.7ms | ActiveRecord: 1.1ms | Allocations: 25544)


Started POST "/gardeners" for ::1 at 2020-08-17 20:39:41 -0700
Processing by GardenersController#create as HTML
  Parameters: {"authenticity_token"=>"U7wS/lLevc3ZxZE9mYdhxwXQ6LJhonIGrxTyuO7glSKsCfeMTz9IFr6UbfZdRcMx0AsXAlY50QcaqiHwpVnXbQ==", "gardener"=>{"username"=>"kate", "password"=>"[FILTERED]", "email"=>"kate@g.com", "first_name"=>"kate", "last_name"=>"summ"}, "commit"=>"Sign Up"}
[31mUnpermitted parameter: :email[0m
  [1m[35m (0.1ms)[0m  [1m[36mbegin transaction[0m
  ↳ app/controllers/gardeners_controller.rb:9:in `create'
  [1m[36mGardener Exists? (0.2ms)[0m  [1m[34mSELECT 1 AS one FROM "gardeners" WHERE "gardeners"."username" = ? LIMIT ?[0m  [["username", "kate"], ["LIMIT", 1]]
  ↳ app/controllers/gardeners_controller.rb:9:in `create'
  [1m[35m (0.1ms)[0m  [1m[31mrollback transaction[0m
  ↳ app/controllers/gardeners_controller.rb:9:in `create'
  Rendering gardeners/new.html.erb within layouts/application
  Rendered gardeners/new.html.erb within layouts/application (Duration: 2.0ms | Allocations: 1198)
[Webpacker] Everything's up-to-date. Nothing to do
Completed 200 OK in 304ms (Views: 10.1ms | ActiveRecord: 0.3ms | Allocations: 8677)


Started POST "/gardeners" for ::1 at 2020-08-17 20:39:49 -0700
Processing by GardenersController#create as HTML
  Parameters: {"authenticity_token"=>"U7wS/lLevc3ZxZE9mYdhxwXQ6LJhonIGrxTyuO7glSKsCfeMTz9IFr6UbfZdRcMx0AsXAlY50QcaqiHwpVnXbQ==", "gardener"=>{"username"=>"kate1", "password"=>"[FILTERED]", "email"=>"kate@g.com", "first_name"=>"kate", "last_name"=>"summ"}, "commit"=>"Sign Up"}
[31mUnpermitted parameter: :email[0m
  [1m[35m (0.1ms)[0m  [1m[36mbegin transaction[0m
  ↳ app/controllers/gardeners_controller.rb:9:in `create'
  [1m[36mGardener Exists? (0.2ms)[0m  [1m[34mSELECT 1 AS one FROM "gardeners" WHERE "gardeners"."username" = ? LIMIT ?[0m  [["username", "kate1"], ["LIMIT", 1]]
  ↳ app/controllers/gardeners_controller.rb:9:in `create'
  [1m[36mGardener Create (0.4ms)[0m  [1m[32mINSERT INTO "gardeners" ("username", "password_digest", "first_name", "last_name", "created_at", "updated_at") VALUES (?, ?, ?, ?, ?, ?)[0m  [["username", "kate1"], ["password_digest", "$2a$12$CSzS1PrOq4uQzXxKH6CnVuw3usQWjY8lzFWz1CFYW.dkq15iUbXju"], ["first_name", "kate"], ["last_name", "summ"], ["created_at", "2020-08-18 03:39:49.352539"], ["updated_at", "2020-08-18 03:39:49.352539"]]
  ↳ app/controllers/gardeners_controller.rb:9:in `create'
  [1m[35m (2.4ms)[0m  [1m[36mcommit transaction[0m
  ↳ app/controllers/gardeners_controller.rb:9:in `create'
Redirected to http://localhost:3000/gardeners/2
Completed 302 Found in 311ms (ActiveRecord: 3.1ms | Allocations: 4064)


Started GET "/gardeners/2" for ::1 at 2020-08-17 20:39:49 -0700
Processing by GardenersController#show as HTML
  Parameters: {"id"=>"2"}
  Rendering gardeners/show.html.erb within layouts/application
  Rendered gardeners/show.html.erb within layouts/application (Duration: 2.1ms | Allocations: 1261)
Completed 500 Internal Server Error in 4ms (ActiveRecord: 0.0ms | Allocations: 1689)


  
ActionView::Template::Error (undefined method `username' for nil:NilClass):
    1: welcome <%= @gardener.username%> you've signed in
  
app/views/gardeners/show.html.erb:1
Started GET "/gardeners/2" for ::1 at 2020-08-17 20:40:41 -0700
  [1m[35m (0.1ms)[0m  [1m[34mSELECT sqlite_version(*)[0m
Processing by GardenersController#show as HTML
  Parameters: {"id"=>"2"}
  [1m[36mGardener Load (0.3ms)[0m  [1m[34mSELECT "gardeners".* FROM "gardeners" WHERE "gardeners"."id" = ? LIMIT ?[0m  [["id", 2], ["LIMIT", 1]]
  ↳ app/controllers/gardeners_controller.rb:18:in `show'
  Rendering gardeners/show.html.erb within layouts/application
  Rendered gardeners/show.html.erb within layouts/application (Duration: 0.1ms | Allocations: 8)
[Webpacker] Everything's up-to-date. Nothing to do
Completed 200 OK in 88ms (Views: 14.6ms | ActiveRecord: 1.8ms | Allocations: 15495)


  [1m[35m (2.4ms)[0m  [1m[34mSELECT sqlite_version(*)[0m
  [1m[36mGarden Load (1.3ms)[0m  [1m[34mSELECT "gardens".* FROM "gardens" WHERE "gardens"."id" = ? LIMIT ?[0m  [["id", 1], ["LIMIT", 1]]
Started GET "/" for ::1 at 2020-08-18 06:55:19 -0700
  [1m[35m (0.5ms)[0m  [1m[34mSELECT sqlite_version(*)[0m
  [1m[35m (1.3ms)[0m  [1m[34mSELECT "schema_migrations"."version" FROM "schema_migrations" ORDER BY "schema_migrations"."version" ASC[0m
Processing by SessionsController#welcome as HTML
  Rendering sessions/welcome.html.erb within layouts/application
  Rendered sessions/welcome.html.erb within layouts/application (Duration: 6.9ms | Allocations: 963)
[Webpacker] Everything's up-to-date. Nothing to do
Completed 200 OK in 72ms (Views: 61.9ms | ActiveRecord: 0.0ms | Allocations: 9643)


Started GET "/signup" for ::1 at 2020-08-18 06:55:22 -0700
Processing by GardenersController#new as HTML
  Rendering gardeners/new.html.erb within layouts/application
  Rendered gardeners/new.html.erb within layouts/application (Duration: 24.2ms | Allocations: 3287)
[Webpacker] Everything's up-to-date. Nothing to do
Completed 200 OK in 49ms (Views: 32.9ms | ActiveRecord: 0.7ms | Allocations: 15999)


Started POST "/gardeners" for ::1 at 2020-08-18 06:56:53 -0700
Processing by GardenersController#create as HTML
  Parameters: {"authenticity_token"=>"+s3necFx6vuopjuKzzVwkFY+5/Xqz2cSwn1Zkrba0TP2xtT4UL4RE5B6KitlnIGNCgEo+Nge2hrDt//G2HyAGQ==", "gardener"=>{"username"=>"k1", "password"=>"[FILTERED]", "email"=>"k1@g.com", "first_name"=>"k", "last_name"=>"s"}, "commit"=>"Sign Up"}
[31mUnpermitted parameter: :email[0m
  [1m[35m (0.1ms)[0m  [1m[36mbegin transaction[0m
  ↳ app/controllers/gardeners_controller.rb:9:in `create'
  [1m[36mGardener Exists? (1.4ms)[0m  [1m[34mSELECT 1 AS one FROM "gardeners" WHERE "gardeners"."username" = ? LIMIT ?[0m  [["username", "k1"], ["LIMIT", 1]]
  ↳ app/controllers/gardeners_controller.rb:9:in `create'
  [1m[36mGardener Create (1.9ms)[0m  [1m[32mINSERT INTO "gardeners" ("username", "password_digest", "first_name", "last_name", "created_at", "updated_at") VALUES (?, ?, ?, ?, ?, ?)[0m  [["username", "k1"], ["password_digest", "$2a$12$NXLVgBkMmrJYKHX8Ti5Q4uc6KtcSzIHDmmdDMGYpOK6QlJIti.wQi"], ["first_name", "k"], ["last_name", "s"], ["created_at", "2020-08-18 13:56:53.666071"], ["updated_at", "2020-08-18 13:56:53.666071"]]
  ↳ app/controllers/gardeners_controller.rb:9:in `create'
  [1m[35m (1.9ms)[0m  [1m[36mcommit transaction[0m
  ↳ app/controllers/gardeners_controller.rb:9:in `create'
Redirected to http://localhost:3000/gardeners/3
Completed 302 Found in 288ms (ActiveRecord: 5.3ms | Allocations: 4779)


Started GET "/gardeners/3" for ::1 at 2020-08-18 06:56:53 -0700
Processing by GardenersController#show as HTML
  Parameters: {"id"=>"3"}
  [1m[36mGardener Load (0.3ms)[0m  [1m[34mSELECT "gardeners".* FROM "gardeners" WHERE "gardeners"."id" = ? LIMIT ?[0m  [["id", 3], ["LIMIT", 1]]
  ↳ app/controllers/gardeners_controller.rb:18:in `show'
  Rendering gardeners/show.html.erb within layouts/application
  Rendered gardeners/show.html.erb within layouts/application (Duration: 0.4ms | Allocations: 109)
[Webpacker] Everything's up-to-date. Nothing to do
Completed 200 OK in 12ms (Views: 8.1ms | ActiveRecord: 0.3ms | Allocations: 5027)


Started GET "/gardeners/3" for ::1 at 2020-08-18 06:57:51 -0700
  [1m[35m (0.1ms)[0m  [1m[34mSELECT sqlite_version(*)[0m
Processing by GardenersController#show as HTML
  Parameters: {"id"=>"3"}
  [1m[36mGardener Load (0.2ms)[0m  [1m[34mSELECT "gardeners".* FROM "gardeners" WHERE "gardeners"."id" = ? LIMIT ?[0m  [["id", 3], ["LIMIT", 1]]
  ↳ app/controllers/gardeners_controller.rb:18:in `show'
  Rendering gardeners/show.html.erb within layouts/application
  Rendered gardeners/show.html.erb within layouts/application (Duration: 472.3ms | Allocations: 149412)
Completed 500 Internal Server Error in 502ms (ActiveRecord: 1.3ms | Allocations: 159039)


  
ActionView::Template::Error (undefined local variable or method `logout_path' for #<#<Class:0x00007fd85831a690>:0x00007fd859a5f670>):
    1: welcome <%= @gardener.username %> you've signed in
    2: 
    3: <%= link_to logout_path, "Logout" %>
  
app/views/gardeners/show.html.erb:3
DEPRECATION WARNING: Using `bin/rake routes` is deprecated and will be removed in Rails 6.1. Use `bin/rails routes` instead.
 (called from load at /Users/katellison/.rvm/gems/ruby-2.6.1/bin/rake:23)
DEPRECATION WARNING: Using `bin/rake routes` is deprecated and will be removed in Rails 6.1. Use `bin/rails routes` instead.
 (called from load at /Users/katellison/.rvm/gems/ruby-2.6.1/bin/rake:23)
DEPRECATION WARNING: Using `bin/rake routes` is deprecated and will be removed in Rails 6.1. Use `bin/rails routes` instead.
 (called from load at /Users/katellison/.rvm/gems/ruby-2.6.1/bin/rake:23)
Started GET "/gardeners/3" for ::1 at 2020-08-18 07:01:31 -0700
  [1m[35m (0.1ms)[0m  [1m[34mSELECT sqlite_version(*)[0m
Processing by GardenersController#show as HTML
  Parameters: {"id"=>"3"}
  [1m[36mGardener Load (0.3ms)[0m  [1m[34mSELECT "gardeners".* FROM "gardeners" WHERE "gardeners"."id" = ? LIMIT ?[0m  [["id", 3], ["LIMIT", 1]]
  ↳ app/controllers/gardeners_controller.rb:18:in `show'
  Rendering gardeners/show.html.erb within layouts/application
  Rendered gardeners/show.html.erb within layouts/application (Duration: 0.5ms | Allocations: 46)
[Webpacker] Everything's up-to-date. Nothing to do
Completed 200 OK in 39ms (Views: 9.1ms | ActiveRecord: 1.5ms | Allocations: 12704)


Started GET "/gardeners/3" for ::1 at 2020-08-18 07:01:47 -0700
Processing by GardenersController#show as HTML
  Parameters: {"id"=>"3"}
  [1m[36mGardener Load (0.2ms)[0m  [1m[34mSELECT "gardeners".* FROM "gardeners" WHERE "gardeners"."id" = ? LIMIT ?[0m  [["id", 3], ["LIMIT", 1]]
  ↳ app/controllers/gardeners_controller.rb:18:in `show'
  Rendering gardeners/show.html.erb within layouts/application
  Rendered gardeners/show.html.erb within layouts/application (Duration: 0.6ms | Allocations: 163)
[Webpacker] Everything's up-to-date. Nothing to do
Completed 200 OK in 13ms (Views: 10.0ms | ActiveRecord: 0.2ms | Allocations: 5666)


Started GET "/gardeners/3" for ::1 at 2020-08-18 07:02:29 -0700
Processing by GardenersController#show as HTML
  Parameters: {"id"=>"3"}
  [1m[36mGardener Load (0.2ms)[0m  [1m[34mSELECT "gardeners".* FROM "gardeners" WHERE "gardeners"."id" = ? LIMIT ?[0m  [["id", 3], ["LIMIT", 1]]
  ↳ app/controllers/gardeners_controller.rb:18:in `show'
  Rendering gardeners/show.html.erb within layouts/application
  Rendered gardeners/show.html.erb within layouts/application (Duration: 0.7ms | Allocations: 162)
[Webpacker] Everything's up-to-date. Nothing to do
Completed 200 OK in 13ms (Views: 10.5ms | ActiveRecord: 0.2ms | Allocations: 5655)


Started GET "/logout" for ::1 at 2020-08-18 07:03:10 -0700
  [1m[35m (0.1ms)[0m  [1m[34mSELECT sqlite_version(*)[0m
  
ActionController::RoutingError (No route matches [GET] "/logout"):
  
actionpack (6.0.3.2) lib/action_dispatch/middleware/debug_exceptions.rb:36:in `call'
web-console (4.0.4) lib/web_console/middleware.rb:132:in `call_app'
web-console (4.0.4) lib/web_console/middleware.rb:28:in `block in call'
web-console (4.0.4) lib/web_console/middleware.rb:17:in `catch'
web-console (4.0.4) lib/web_console/middleware.rb:17:in `call'
actionpack (6.0.3.2) lib/action_dispatch/middleware/show_exceptions.rb:33:in `call'
railties (6.0.3.2) lib/rails/rack/logger.rb:37:in `call_app'
railties (6.0.3.2) lib/rails/rack/logger.rb:26:in `block in call'
activesupport (6.0.3.2) lib/active_support/tagged_logging.rb:80:in `block in tagged'
activesupport (6.0.3.2) lib/active_support/tagged_logging.rb:28:in `tagged'
activesupport (6.0.3.2) lib/active_support/tagged_logging.rb:80:in `tagged'
railties (6.0.3.2) lib/rails/rack/logger.rb:26:in `call'
sprockets-rails (3.2.1) lib/sprockets/rails/quiet_assets.rb:13:in `call'
actionpack (6.0.3.2) lib/action_dispatch/middleware/remote_ip.rb:81:in `call'
actionpack (6.0.3.2) lib/action_dispatch/middleware/request_id.rb:27:in `call'
rack (2.2.3) lib/rack/method_override.rb:24:in `call'
rack (2.2.3) lib/rack/runtime.rb:22:in `call'
activesupport (6.0.3.2) lib/active_support/cache/strategy/local_cache_middleware.rb:29:in `call'
actionpack (6.0.3.2) lib/action_dispatch/middleware/executor.rb:14:in `call'
actionpack (6.0.3.2) lib/action_dispatch/middleware/static.rb:126:in `call'
rack (2.2.3) lib/rack/sendfile.rb:110:in `call'
actionpack (6.0.3.2) lib/action_dispatch/middleware/host_authorization.rb:82:in `call'
webpacker (4.3.0) lib/webpacker/dev_server_proxy.rb:23:in `perform_request'
rack-proxy (0.6.5) lib/rack/proxy.rb:57:in `call'
railties (6.0.3.2) lib/rails/engine.rb:527:in `call'
puma (4.3.5) lib/puma/configuration.rb:228:in `call'
puma (4.3.5) lib/puma/server.rb:713:in `handle_request'
puma (4.3.5) lib/puma/server.rb:472:in `process_client'
puma (4.3.5) lib/puma/server.rb:328:in `block in run'
puma (4.3.5) lib/puma/thread_pool.rb:134:in `block in spawn_thread'
